<?xml version="1.0" encoding="UTF-8"?>
<!-- Generated by org.testng.reporters.JUnitReportReporter -->
<testsuite hostname="AIPLLAP423" failures="0" tests="2" name="Testcase.HomePageTest" time="18.629" errors="0" timestamp="2024-08-13T19:21:54 IST" skipped="0">
  <testcase classname="Testcase.HomePageTest" name="Verify_HomepageTitle" time="7.382"/>
  <system-out/>
  <testcase classname="Testcase.HomePageTest" name="Verify_SigninLink" time="11.247"/>
  <system-out/>
</testsuite> <!-- Testcase.HomePageTest -->
