<?xml version="1.0" encoding="UTF-8"?>
<!-- Generated by org.testng.reporters.JUnitReportReporter -->
<testsuite hostname="AIPLLAP423" failures="0" tests="1" name="Testcase.ForgotPasswordTest" time="16.265" errors="0" timestamp="2024-08-13T20:22:45 IST" skipped="0">
  <testcase classname="Testcase.ForgotPasswordTest" name="Verify_ResendCode_Test" time="16.265"/>
  <system-out/>
</testsuite> <!-- Testcase.ForgotPasswordTest -->
