<?xml version="1.0" encoding="UTF-8"?>
<!-- Generated by org.testng.reporters.JUnitReportReporter -->
<testsuite hostname="AIPLLAP423" failures="0" tests="2" name="Testcase.HomePageTest" time="18.845" errors="0" timestamp="2024-08-15T18:32:30 IST" skipped="0">
  <testcase classname="Testcase.HomePageTest" name="Verify_HomepageTitle" time="10.237"/>
  <system-out/>
  <testcase classname="Testcase.HomePageTest" name="Verify_SigninLink" time="8.608"/>
  <system-out/>
</testsuite> <!-- Testcase.HomePageTest -->
