<?xml version="1.0" encoding="UTF-8"?>
<!-- Generated by org.testng.reporters.JUnitReportReporter -->
<testsuite hostname="AIPLLAP423" failures="0" tests="2" name="Testcase.HomePageTest" time="24.259" errors="0" timestamp="2024-08-14T12:42:00 IST" skipped="0">
  <testcase classname="Testcase.HomePageTest" name="Verify_HomepageTitle" time="14.709"/>
  <system-out/>
  <testcase classname="Testcase.HomePageTest" name="Verify_SigninLink" time="9.550"/>
  <system-out/>
</testsuite> <!-- Testcase.HomePageTest -->
